<?xml version="1.0" encoding="UTF-8"?>
<!-- Generated by org.testng.reporters.JUnitXMLReporter -->
<testsuite ignored="0" hostname="Vishal-Sable" failures="0" tests="5" name="Test" time="190.307" errors="0" timestamp="2024-06-22T18:40:57 IST">
  <testcase classname="Test_cases.TC_002" name="drp" time="36.016"/>
  <testcase classname="Test_cases.TC_002" name="drp" time="34.222"/>
  <testcase classname="Test_cases.TC_002" name="drp" time="33.761"/>
  <testcase classname="Test_cases.TC_002" name="drp" time="33.632"/>
  <testcase classname="Test_cases.TC_002" name="drp" time="36.469"/>
</testsuite> <!-- Test -->
